<?xml version="1.0" ?>
<coverage branch-rate="1" branches-covered="22" branches-valid="22" complexity="0" line-rate="1" lines-covered="98" lines-valid="98" timestamp="1657663148281" version="6.4.1">
	<!-- Generated by coverage.py: https://coverage.readthedocs.io -->
	<!-- Based on https://raw.githubusercontent.com/cobertura/web/master/htdocs/xml/coverage-04.dtd -->
	<sources>
		<source>C:\Users\Pc\Desktop\20221\ing softwar\examenFInal\pythonxd</source>
	</sources>
	<packages>
		<package branch-rate="1" complexity="0" line-rate="1" name=".">
			<classes>
				<class branch-rate="1" complexity="0" filename="app.py" line-rate="1" name="app.py">
					<methods/>
					<lines>
						<line branch="true" condition-coverage="100% (2/2)" hits="1" number="1"/>
						<line hits="1" number="2"/>
						<line hits="1" number="3"/>
						<line branch="true" condition-coverage="100% (2/2)" hits="1" number="5"/>
						<line hits="1" number="6"/>
						<line hits="1" number="7"/>
						<line hits="1" number="8"/>
						<line branch="true" condition-coverage="100% (2/2)" hits="1" number="10"/>
						<line hits="1" number="11"/>
						<line hits="1" number="12"/>
						<line hits="1" number="13"/>
						<line hits="1" number="14"/>
						<line hits="1" number="16"/>
						<line hits="1" number="17"/>
						<line hits="1" number="19"/>
						<line hits="1" number="20"/>
						<line hits="1" number="22"/>
						<line branch="true" condition-coverage="100% (2/2)" hits="1" number="23"/>
						<line hits="1" number="24"/>
						<line branch="true" condition-coverage="100% (2/2)" hits="1" number="25"/>
						<line hits="1" number="26"/>
						<line branch="true" condition-coverage="100% (2/2)" hits="1" number="27"/>
						<line hits="1" number="28"/>
						<line branch="true" condition-coverage="100% (2/2)" hits="1" number="29"/>
						<line hits="1" number="30"/>
						<line branch="true" condition-coverage="100% (2/2)" hits="1" number="31"/>
						<line hits="1" number="32"/>
						<line branch="true" condition-coverage="100% (2/2)" hits="1" number="33"/>
						<line hits="1" number="34"/>
						<line branch="true" condition-coverage="100% (2/2)" hits="1" number="35"/>
						<line hits="1" number="36"/>
						<line hits="1" number="38"/>
					</lines>
				</class>
				<class branch-rate="1" complexity="0" filename="test_app.py" line-rate="1" name="test_app.py">
					<methods/>
					<lines>
						<line hits="1" number="1"/>
						<line hits="1" number="2"/>
						<line hits="1" number="3"/>
						<line branch="true" condition-coverage="100% (2/2)" hits="1" number="5"/>
						<line hits="1" number="7"/>
						<line hits="1" number="8"/>
						<line hits="1" number="9"/>
						<line hits="1" number="11"/>
						<line hits="1" number="12"/>
						<line hits="1" number="14"/>
						<line hits="1" number="15"/>
						<line hits="1" number="16"/>
						<line hits="1" number="18"/>
						<line hits="1" number="19"/>
						<line hits="1" number="20"/>
						<line hits="1" number="22"/>
						<line hits="1" number="23"/>
						<line hits="1" number="24"/>
						<line hits="1" number="26"/>
						<line hits="1" number="27"/>
						<line hits="1" number="28"/>
						<line hits="1" number="29"/>
						<line hits="1" number="30"/>
						<line hits="1" number="32"/>
						<line hits="1" number="33"/>
						<line hits="1" number="34"/>
						<line hits="1" number="36"/>
						<line hits="1" number="37"/>
						<line hits="1" number="39"/>
						<line hits="1" number="40"/>
						<line hits="1" number="41"/>
						<line hits="1" number="43"/>
						<line hits="1" number="44"/>
						<line hits="1" number="45"/>
						<line hits="1" number="46"/>
						<line hits="1" number="47"/>
						<line hits="1" number="49"/>
						<line hits="1" number="50"/>
						<line hits="1" number="51"/>
						<line hits="1" number="52"/>
						<line hits="1" number="54"/>
						<line hits="1" number="55"/>
						<line hits="1" number="56"/>
						<line hits="1" number="57"/>
						<line hits="1" number="58"/>
						<line hits="1" number="59"/>
						<line hits="1" number="60"/>
						<line hits="1" number="61"/>
						<line hits="1" number="62"/>
						<line hits="1" number="64"/>
						<line hits="1" number="65"/>
						<line hits="1" number="67"/>
						<line hits="1" number="68"/>
						<line hits="1" number="69"/>
						<line hits="1" number="70"/>
						<line hits="1" number="71"/>
						<line hits="1" number="72"/>
						<line hits="1" number="74"/>
						<line hits="1" number="75"/>
						<line hits="1" number="76"/>
						<line hits="1" number="77"/>
						<line hits="1" number="78"/>
						<line hits="1" number="79"/>
						<line hits="1" number="80"/>
						<line hits="1" number="81"/>
						<line hits="1" number="82"/>
					</lines>
				</class>
			</classes>
		</package>
	</packages>
</coverage>
